
          -------------------------------------------------------
          Amber 18 SANDER                              2018
          -------------------------------------------------------

| Run on 02/20/2020 at 16:39:56

|   Executable path: sander
| Working directory: /home/73w/pfpcheck/ProteinFoldingPipeline
|          Hostname: or-condo-login01.ornl.gov

  [-O]verwriting output

File Assignments:
|  MDIN: min.in                                                                
| MDOUT: min.out                                                               
|INPCRD: rst7                                                                  
|  PARM: prmtop                                                                
|RESTRT: min.ncrst                                                             
|  REFC: refc                                                                  
| MDVEL: mdvel                                                                 
| MDFRC: mdfrc                                                                 
|  MDEN: mden                                                                  
| MDCRD: mdcrd                                                                 
|MDINFO: mdinfo                                                                
|  MTMD: mtmd                                                                  
|INPDIP: inpdip                                                                
|RSTDIP: rstdip                                                                
|INPTRA: inptraj                                                               


 Here is the input file:

Minimization                                                                   
 &cntrl                                                                        
  imin=1, maxcyc=1000, ncyc=500,                                               
  cut=999., rgbmax=999.,igb=1, ntb=0,                                          
  ntpr=100                                                                     
 /                                                                             

--------------------------------------------------------------------------------
   1.  RESOURCE   USE: 
--------------------------------------------------------------------------------

| Flags:                                                                        
| New format PARM file being parsed.
| Version =    1.000 Date = 02/20/20 Time = 16:39:55
 NATOM  =    1231 NTYPES =      14 NBONH =     629 MBONA  =     608
 NTHETH =    1439 MTHETA =     818 NPHIH =    2860 MPHIA  =    2639
 NHPARM =       0 NPARM  =       0 NNB   =    6824 NRES   =      76
 NBONA  =     608 NTHETA =     818 NPHIA =    2639 NUMBND =      56
 NUMANG =     130 NPTRA  =     163 NATYP =      28 NPHB   =       0
 IFBOX  =       0 NMXRS  =      24 IFCAP =       0 NEXTRA =       0
 NCOPY  =       0

 Implicit solvent radii are modified Bondi radii (mbondi)                                                   

|     Memory Use     Allocated
|     Real              108027
|     Hollerith           3771
|     Integer            89019
|     Max Pairs              1
|     nblistReal             0
|     nblist Int             0
|       Total             1206 kbytes

| Note: 1-4 EEL scale factors are being read from the topology file.

| Note: 1-4 VDW scale factors are being read from the topology file.
| Duplicated    0 dihedrals
| Duplicated    0 dihedrals

--------------------------------------------------------------------------------
   2.  CONTROL  DATA  FOR  THE  RUN
--------------------------------------------------------------------------------

NMET                                                                            

General flags:
     imin    =       1, nmropt  =       0

Nature and format of input:
     ntx     =       1, irest   =       0, ntrx    =       1

Nature and format of output:
     ntxo    =       2, ntpr    =     100, ntrx    =       1, ntwr    =       1
     iwrap   =       0, ntwx    =       0, ntwv    =       0, ntwe    =       0
     ioutfm  =       1, ntwprt  =       0, idecomp =       0, rbornstat=      0

Potential function:
     ntf     =       1, ntb     =       0, igb     =       1, nsnb    =      25
     ipol    =       0, gbsa    =       0, iesp    =       0
     dielc   =   1.00000, cut     = 999.00000, intdiel =   1.00000
     saltcon =   0.00000, offset  =   0.09000, gbalpha=    1.00000
     gbbeta  =   0.00000, gbgamma =   0.00000, surften =   0.00500
     rdt     =   0.00000, rgbmax  = 999.00000  extdiel =  78.50000
     alpb  =        0

Frozen or restrained atoms:
     ibelly  =       0, ntr     =       0

Energy minimization:
     maxcyc  =    1000, ncyc    =     500, ntmin   =       1
     dx0     =   0.01000, drms    =   0.00010
|  INFO: Old style inpcrd file read


--------------------------------------------------------------------------------
   3.  ATOMIC COORDINATES AND VELOCITIES
--------------------------------------------------------------------------------

NMET                                                                            
 begin time read from input coords =     0.000 ps

 Number of triangulated 3-point waters found:        0

--------------------------------------------------------------------------------
   4.  RESULTS
--------------------------------------------------------------------------------



   NSTEP       ENERGY          RMS            GMAX         NAME    NUMBER
      1       5.5368E+06     1.8192E+06     4.8494E+07     HD2       584

 BOND    =        8.5784  ANGLE   =       67.2399  DIHED      =      843.3536
 VDWAALS =  5538995.2284  EEL     =    -4754.4065  EGB        =    -1933.4146
 1-4 VDW =      436.3349  1-4 EEL =     3146.3874  RESTRAINT  =        0.0000


   NSTEP       ENERGY          RMS            GMAX         NAME    NUMBER
    100      -2.4309E+03     2.0060E+00     1.6008E+01     C        1229

 BOND    =       49.6224  ANGLE   =      169.3083  DIHED      =      835.1873
 VDWAALS =      -99.5955  EEL     =    -4685.8478  EGB        =    -2012.7739
 1-4 VDW =      257.1315  1-4 EEL =     3056.0508  RESTRAINT  =        0.0000


   NSTEP       ENERGY          RMS            GMAX         NAME    NUMBER
    200      -2.5934E+03     6.7591E-01     5.2150E+00     C         746

 BOND    =       53.5565  ANGLE   =      144.5098  DIHED      =      819.5185
 VDWAALS =     -174.7940  EEL     =    -4631.1343  EGB        =    -2043.1170
 1-4 VDW =      225.5035  1-4 EEL =     3012.5406  RESTRAINT  =        0.0000


   NSTEP       ENERGY          RMS            GMAX         NAME    NUMBER
    300      -2.6466E+03     5.9279E-01     8.2192E+00     C        1229

 BOND    =       57.0479  ANGLE   =      137.1179  DIHED      =      811.7598
 VDWAALS =     -195.5331  EEL     =    -4587.9875  EGB        =    -2061.2248
 1-4 VDW =      212.3857  1-4 EEL =     2979.8577  RESTRAINT  =        0.0000


   NSTEP       ENERGY          RMS            GMAX         NAME    NUMBER
    400      -2.6690E+03     8.4032E-01     2.8909E+01     C        1229

 BOND    =       59.0687  ANGLE   =      134.8268  DIHED      =      807.4705
 VDWAALS =     -203.1035  EEL     =    -4562.8839  EGB        =    -2071.1351
 1-4 VDW =      206.2361  1-4 EEL =     2960.4949  RESTRAINT  =        0.0000


   NSTEP       ENERGY          RMS            GMAX         NAME    NUMBER
    500      -2.6824E+03     6.9861E-01     2.4009E+01     C        1229

 BOND    =       60.1207  ANGLE   =      133.5522  DIHED      =      804.4046
 VDWAALS =     -206.9992  EEL     =    -4546.6393  EGB        =    -2077.5793
 1-4 VDW =      202.7117  1-4 EEL =     2948.0687  RESTRAINT  =        0.0000


   NSTEP       ENERGY          RMS            GMAX         NAME    NUMBER
    600      -2.7211E+03     2.9819E-01     2.9883E+00     CB        832

 BOND    =       61.3811  ANGLE   =      130.7254  DIHED      =      792.4838
 VDWAALS =     -217.0321  EEL     =    -4509.3070  EGB        =    -2095.5906
 1-4 VDW =      197.3106  1-4 EEL =     2918.9546  RESTRAINT  =        0.0000


   NSTEP       ENERGY          RMS            GMAX         NAME    NUMBER
    700      -2.7284E+03     3.8199E-01     2.7590E+00     H3          4

 BOND    =       60.6814  ANGLE   =      128.5554  DIHED      =      788.3994
 VDWAALS =     -217.9040  EEL     =    -4509.9303  EGB        =    -2096.0700
 1-4 VDW =      198.2199  1-4 EEL =     2919.6649  RESTRAINT  =        0.0000


   NSTEP       ENERGY          RMS            GMAX         NAME    NUMBER
    800      -2.7341E+03     6.6464E-01     6.8656E+00     H2          3

 BOND    =       60.6357  ANGLE   =      126.5860  DIHED      =      785.6598
 VDWAALS =     -219.5384  EEL     =    -4510.5871  EGB        =    -2095.6332
 1-4 VDW =      198.9045  1-4 EEL =     2919.8681  RESTRAINT  =        0.0000


   NSTEP       ENERGY          RMS            GMAX         NAME    NUMBER
    900      -2.7409E+03     3.4764E-01     4.1669E+00     H2          3

 BOND    =       57.3430  ANGLE   =      128.0953  DIHED      =      783.1813
 VDWAALS =     -221.2503  EEL     =    -4510.3924  EGB        =    -2095.1220
 1-4 VDW =      199.2638  1-4 EEL =     2918.0007  RESTRAINT  =        0.0000


   NSTEP       ENERGY          RMS            GMAX         NAME    NUMBER
   1000      -2.7430E+03     1.8570E-01     1.7061E+00     CG        820

 BOND    =       56.3621  ANGLE   =      127.5693  DIHED      =      782.6769
 VDWAALS =     -222.0703  EEL     =    -4512.6642  EGB        =    -2095.3148
 1-4 VDW =      199.8157  1-4 EEL =     2920.6716  RESTRAINT  =        0.0000


  Maximum number of minimization cycles reached.


                    FINAL RESULTS



   NSTEP       ENERGY          RMS            GMAX         NAME    NUMBER
   1000      -2.7430E+03     1.8570E-01     1.7061E+00     CG        820

 BOND    =       56.3621  ANGLE   =      127.5693  DIHED      =      782.6769
 VDWAALS =     -222.0703  EEL     =    -4512.6642  EGB        =    -2095.3148
 1-4 VDW =      199.8157  1-4 EEL =     2920.6716  RESTRAINT  =        0.0000

--------------------------------------------------------------------------------
   5.  TIMINGS
--------------------------------------------------------------------------------

|                Calc gb radii             15.91 (15.88% of Gen B)
|                Calc gb diag              33.77 (33.70% of Gen B)
|                Calc gb off-diag          50.54 (50.43% of Gen B)
|             Gen Born time            100.22 (100.0% of Nonbo)
|          Nonbond force            100.22 (98.61% of Force)
|          Bond/Angle/Dihedral        1.41 ( 1.38% of Force)
|       Force time               101.63 (100.0% of Runmd)
|    Runmd Time               101.63 (91.84% of Total)
|    Other                      9.03 ( 8.16% of Total)
| Total time               110.66 (100.0% of ALL  )

| Number of list builds   :          0

| Highest rstack allocated:          0
| Highest istack allocated:          0
|           Job began  at 16:39:56.022  on 02/20/2020
|           Setup done at 16:39:56.043  on 02/20/2020
|           Run   done at 16:41:46.683  on 02/20/2020
|     wallclock() was called   18028 times

|3D-RISM memory allocation summary
|Type          Maximum        Current   
|Integer       0.00000 GB     0.00000 GB
|Real          0.00000 GB     0.00000 GB
|Logical       0.00000 GB     0.00000 GB
|Character     0.00000 GB     0.00000 GB
|---------------------------------------
|Total         0.00000 GB     0.00000 GB
