
          -------------------------------------------------------
          Amber 20 SANDER                              2020
          -------------------------------------------------------

| Run on 11/04/2020 at 13:59:44

|   Executable path: sander
| Working directory: /home/rbdavid/Scripts/git/OpenFold-amber/1UBQ_example/1ubq_output
|          Hostname: Unknown
  [-O]verwriting output

File Assignments:
|  MDIN: min.in                                                                
| MDOUT: min.out                                                               
|INPCRD: linear.rst7                                                           
|  PARM: linear.prmtop                                                         
|RESTRT: min.rst7                                                              
|  REFC: refc                                                                  
| MDVEL: mdvel                                                                 
| MDFRC: mdfrc                                                                 
|  MDEN: mden                                                                  
| MDCRD: min.nc                                                                
|MDINFO: mdinfo                                                                
|  MTMD: mtmd                                                                  
|INPDIP: inpdip                                                                
|RSTDIP: rstdip                                                                
|INPTRA: inptraj                                                               


 Here is the input file:

Minimization; generalized born implicit solvent models (igb and rgbmax)        
 &cntrl                                                                        
  imin=1,                                                                      
  ntx=1,                                                                       
  irest=0,                                                                     
  ntpr=100,                                                                    
  ntwx=100,                                                                    
  ioutfm=1,                                                                    
  ntb=0,                                                                       
  iwrap=0,                                                                     
  ntmin=1,                                                                     
  maxcyc=500,                                                                  
  ncyc=250,                                                                    
  cut=9999.,                                                                   
  igb=1,                                                                       
  rgbmax=999.                                                                  
 /                                                                             

--------------------------------------------------------------------------------
   1.  RESOURCE   USE: 
--------------------------------------------------------------------------------

| Flags:                                                                        
| New format PARM file being parsed.
| Version =    1.000 Date = 11/04/20 Time = 13:59:17
 NATOM  =    1231 NTYPES =      14 NBONH =     629 MBONA  =     608
 NTHETH =    1439 MTHETA =     818 NPHIH =    2860 MPHIA  =    2639
 NHPARM =       0 NPARM  =       0 NNB   =    6824 NRES   =      76
 NBONA  =     608 NTHETA =     818 NPHIA =    2639 NUMBND =      56
 NUMANG =     130 NPTRA  =     163 NATYP =      28 NPHB   =       0
 IFBOX  =       0 NMXRS  =      24 IFCAP =       0 NEXTRA =       0
 NCOPY  =       0

 Implicit solvent radii are modified Bondi radii (mbondi)                                                   

|     Memory Use     Allocated
|     Real              807327
|     Hollerith           3771
|     Integer            89019
|     Max Pairs              1
|     nblistReal             0
|     nblist Int             0
|       Total             6669 kbytes

| Note: 1-4 EEL scale factors are being read from the topology file.

| Note: 1-4 VDW scale factors are being read from the topology file.
| Duplicated    0 dihedrals
| Duplicated    0 dihedrals

--------------------------------------------------------------------------------
   2.  CONTROL  DATA  FOR  THE  RUN
--------------------------------------------------------------------------------

NMET                                                                            

General flags:
     imin    =       1, nmropt  =       0

Nature and format of input:
     ntx     =       1, irest   =       0, ntrx    =       1

Nature and format of output:
     ntxo    =       2, ntpr    =     100, ntrx    =       1, ntwr    =       1
     iwrap   =       0, ntwx    =     100, ntwv    =       0, ntwe    =       0
     ioutfm  =       1, ntwprt  =       0, idecomp =       0, rbornstat=      0

Potential function:
     ntf     =       1, ntb     =       0, igb     =       1, nsnb    =      25
     ipol    =       0, gbsa    =       0, iesp    =       0
     dielc   =   1.00000, cut     =9999.00000, intdiel =   1.00000
     saltcon =   0.00000, offset  =   0.09000, gbalpha=    1.00000
     gbbeta  =   0.00000, gbgamma =   0.00000, surften =   0.00500
     rdt     =   0.00000, rgbmax  = 999.00000  extdiel =  78.50000
     alpb  =        0

Frozen or restrained atoms:
     ibelly  =       0, ntr     =       0

Energy minimization:
     maxcyc  =     500, ncyc    =     250, ntmin   =       1
     dx0     =   0.01000, drms    =   0.00010
|  INFO: Old style inpcrd file read


--------------------------------------------------------------------------------
   3.  ATOMIC COORDINATES AND VELOCITIES
--------------------------------------------------------------------------------

NMET                                                                            
 begin time read from input coords =     0.000 ps

 Number of triangulated 3-point waters found:        0

--------------------------------------------------------------------------------
   4.  RESULTS
--------------------------------------------------------------------------------



   NSTEP       ENERGY          RMS            GMAX         NAME    NUMBER
      1       5.5368E+06     1.8192E+06     4.8494E+07     HD2       584

 BOND    =        8.5784  ANGLE   =       67.2399  DIHED      =      843.3536
 VDWAALS =  5538995.2284  EEL     =    -4754.4065  EGB        =    -1933.4146
 1-4 VDW =      436.3349  1-4 EEL =     3146.3874  RESTRAINT  =        0.0000


   NSTEP       ENERGY          RMS            GMAX         NAME    NUMBER
    100      -2.4309E+03     2.0060E+00     1.6008E+01     C        1229

 BOND    =       49.6224  ANGLE   =      169.3083  DIHED      =      835.1873
 VDWAALS =      -99.5955  EEL     =    -4685.8478  EGB        =    -2012.7739
 1-4 VDW =      257.1315  1-4 EEL =     3056.0508  RESTRAINT  =        0.0000


   NSTEP       ENERGY          RMS            GMAX         NAME    NUMBER
    200      -2.5934E+03     6.7867E-01     5.2731E+00     C         746

 BOND    =       53.5590  ANGLE   =      144.5102  DIHED      =      819.5183
 VDWAALS =     -174.7936  EEL     =    -4631.1352  EGB        =    -2043.1163
 1-4 VDW =      225.5033  1-4 EEL =     3012.5400  RESTRAINT  =        0.0000


   NSTEP       ENERGY          RMS            GMAX         NAME    NUMBER
    300      -2.7032E+03     3.9276E-01     2.3632E+00     CG        835

 BOND    =       64.4974  ANGLE   =      131.9514  DIHED      =      800.5634
 VDWAALS =     -215.3623  EEL     =    -4514.6343  EGB        =    -2092.9915
 1-4 VDW =      197.0205  1-4 EEL =     2925.7173  RESTRAINT  =        0.0000


   NSTEP       ENERGY          RMS            GMAX         NAME    NUMBER
    400      -2.7164E+03     3.5769E-01     2.6215E+00     OG       1042

 BOND    =       61.5918  ANGLE   =      131.9071  DIHED      =      793.9540
 VDWAALS =     -215.5865  EEL     =    -4513.2737  EGB        =    -2092.8816
 1-4 VDW =      197.1804  1-4 EEL =     2920.7388  RESTRAINT  =        0.0000


   NSTEP       ENERGY          RMS            GMAX         NAME    NUMBER
    500      -2.7239E+03     3.7078E-01     2.6578E+00     CD        297

 BOND    =       60.4774  ANGLE   =      131.1257  DIHED      =      790.4582
 VDWAALS =     -216.7392  EEL     =    -4510.1471  EGB        =    -2094.7494
 1-4 VDW =      197.5554  1-4 EEL =     2918.1328  RESTRAINT  =        0.0000


  Maximum number of minimization cycles reached.


                    FINAL RESULTS



   NSTEP       ENERGY          RMS            GMAX         NAME    NUMBER
    500      -2.7239E+03     3.7078E-01     2.6578E+00     CD        297

 BOND    =       60.4774  ANGLE   =      131.1257  DIHED      =      790.4582
 VDWAALS =     -216.7392  EEL     =    -4510.1471  EGB        =    -2094.7494
 1-4 VDW =      197.5554  1-4 EEL =     2918.1328  RESTRAINT  =        0.0000

--------------------------------------------------------------------------------
   5.  TIMINGS
--------------------------------------------------------------------------------

|    Read coords time           0.00 ( 0.01% of Total)
|                Calc gb radii              4.32 (16.25% of Gen B)
|                Calc gb diag               9.15 (34.39% of Gen B)
|                Calc gb off-diag          13.13 (49.36% of Gen B)
|                Other                      0.00 ( 0.01% of Gen B)
|             Gen Born time             26.61 (100.0% of Nonbo)
|          Nonbond force             26.61 (98.61% of Force)
|          Bond/Angle/Dihedral        0.37 ( 1.39% of Force)
|          Other                      0.00 ( 0.01% of Force)
|       Force time                26.98 (100.0% of Runmd)
|    Runmd Time                26.98 (99.70% of Total)
|    Other                      0.08 ( 0.30% of Total)
| Total time                27.06 (100.0% of ALL  )

| Number of list builds   :          0

| Highest rstack allocated:          0
| Highest istack allocated:          0
|           Job began  at 13:59:44.451  on 11/04/2020
|           Setup done at 13:59:44.466  on 11/04/2020
|           Run   done at 14:00:11.516  on 11/04/2020
|     wallclock() was called    9028 times

|3D-RISM memory allocation summary
|Type          Maximum        Current   
|Integer       0.00000 GB     0.00000 GB
|Real          0.00000 GB     0.00000 GB
|Logical       0.00000 GB     0.00000 GB
|Character     0.00000 GB     0.00000 GB
|---------------------------------------
|Total         0.00000 GB     0.00000 GB
